
2024/12/01 (22:54:36) | ===> btop++ v.1.4.0
2024/12/01 (22:54:36) | WARNING: Intel GPU: Failed to initialize PMU

2024/12/01 (22:57:44) | ===> btop++ v.1.4.0
2024/12/01 (22:57:44) | WARNING: Intel GPU: Failed to initialize PMU

2024/12/02 (14:51:32) | ===> btop++ v.1.4.0
2024/12/02 (14:51:32) | WARNING: Intel GPU: Failed to initialize PMU

2024/12/02 (15:24:50) | ===> btop++ v.1.4.0
2024/12/02 (15:24:50) | WARNING: Intel GPU: Failed to initialize PMU

2024/12/02 (15:26:56) | ===> btop++ v.1.4.0
2024/12/02 (15:26:56) | WARNING: Intel GPU: Failed to initialize PMU

2024/12/02 (16:15:06) | ===> btop++ v.1.4.0
2024/12/02 (16:15:06) | WARNING: Intel GPU: Failed to initialize PMU

2024/12/02 (16:16:06) | ===> btop++ v.1.4.0
2024/12/02 (16:16:06) | WARNING: Intel GPU: Failed to initialize PMU
2024/12/02 (16:17:08) | ERROR: Stall in Runner thread, restarting!

2024/12/02 (16:17:23) | ===> btop++ v.1.4.0
2024/12/02 (16:17:23) | WARNING: Intel GPU: Failed to initialize PMU

2024/12/02 (16:17:26) | ===> btop++ v.1.4.0
2024/12/02 (16:17:26) | WARNING: Intel GPU: Failed to initialize PMU

2024/12/02 (16:19:05) | ===> btop++ v.1.4.0
2024/12/02 (16:19:05) | WARNING: Intel GPU: Failed to initialize PMU

2024/12/02 (16:39:08) | ===> btop++ v.1.4.0
2024/12/02 (16:39:08) | WARNING: Intel GPU: Failed to initialize PMU

2024/12/03 (02:16:45) | ===> btop++ v.1.4.0
2024/12/03 (02:16:45) | WARNING: Intel GPU: Failed to initialize PMU

2024/12/03 (02:16:50) | ===> btop++ v.1.4.0
2024/12/03 (02:16:50) | WARNING: Intel GPU: Failed to initialize PMU

2024/12/03 (02:17:36) | ===> btop++ v.1.4.0
2024/12/03 (02:17:36) | WARNING: Intel GPU: Failed to initialize PMU

2024/12/03 (02:28:26) | ===> btop++ v.1.4.0
2024/12/03 (02:28:26) | WARNING: Intel GPU: Failed to initialize PMU

2024/12/03 (16:55:43) | ===> btop++ v.1.4.0
2024/12/03 (16:55:43) | WARNING: Intel GPU: Failed to initialize PMU

2024/12/03 (16:55:48) | ===> btop++ v.1.4.0
2024/12/03 (16:55:48) | WARNING: Intel GPU: Failed to initialize PMU

2024/12/03 (22:50:27) | ===> btop++ v.1.4.0
2024/12/03 (22:50:27) | WARNING: Intel GPU: Failed to initialize PMU

2024/12/03 (22:55:34) | ===> btop++ v.1.4.0
2024/12/03 (22:55:34) | WARNING: Intel GPU: Failed to initialize PMU

2024/12/04 (12:33:49) | ===> btop++ v.1.4.0
2024/12/04 (12:33:49) | WARNING: Intel GPU: Failed to initialize PMU

2024/12/05 (18:46:18) | ===> btop++ v.1.4.0
2024/12/05 (18:46:18) | WARNING: Intel GPU: Failed to initialize PMU

2024/12/05 (18:47:10) | ===> btop++ v.1.4.0
2024/12/05 (18:47:10) | WARNING: Intel GPU: Failed to initialize PMU

2024/12/05 (19:27:55) | ===> btop++ v.1.4.0
2024/12/05 (19:27:55) | WARNING: Intel GPU: Failed to initialize PMU

2024/12/06 (12:31:16) | ===> btop++ v.1.4.0
2024/12/06 (12:31:16) | WARNING: Intel GPU: Failed to initialize PMU

2024/12/06 (13:23:47) | ===> btop++ v.1.4.0
2024/12/06 (13:23:47) | WARNING: Intel GPU: Failed to initialize PMU

2024/12/06 (13:35:13) | ===> btop++ v.1.4.0
2024/12/06 (13:35:13) | WARNING: Intel GPU: Failed to initialize PMU

2024/12/06 (20:39:03) | ===> btop++ v.1.4.0
2024/12/06 (20:39:03) | WARNING: Intel GPU: Failed to initialize PMU

2024/12/07 (19:19:11) | ===> btop++ v.1.4.0
2024/12/07 (19:19:11) | WARNING: Intel GPU: Failed to initialize PMU

2024/12/07 (19:21:31) | ===> btop++ v.1.4.0
2024/12/07 (19:21:31) | WARNING: Intel GPU: Failed to initialize PMU

2024/12/07 (19:34:06) | ===> btop++ v.1.4.0
2024/12/07 (19:34:06) | WARNING: Intel GPU: Failed to initialize PMU

2024/12/07 (20:42:49) | ===> btop++ v.1.4.0
2024/12/07 (20:42:49) | WARNING: Intel GPU: Failed to initialize PMU

2024/12/07 (21:17:05) | ===> btop++ v.1.4.0
2024/12/07 (21:17:05) | WARNING: Intel GPU: Failed to initialize PMU

2024/12/07 (21:57:47) | ===> btop++ v.1.4.0
2024/12/07 (21:57:47) | WARNING: Intel GPU: Failed to initialize PMU

2024/12/08 (17:47:23) | ===> btop++ v.1.4.0
2024/12/08 (17:47:23) | WARNING: Intel GPU: Failed to initialize PMU

2024/12/08 (18:16:43) | ===> btop++ v.1.4.0
2024/12/08 (18:16:43) | WARNING: Intel GPU: Failed to initialize PMU

2024/12/08 (19:20:43) | ===> btop++ v.1.4.0
2024/12/08 (19:20:43) | WARNING: Intel GPU: Failed to initialize PMU

2024/12/08 (20:05:42) | ===> btop++ v.1.4.0
2024/12/08 (20:05:42) | WARNING: Intel GPU: Failed to initialize PMU

2024/12/09 (10:08:21) | ===> btop++ v.1.4.0
2024/12/09 (10:08:21) | WARNING: Intel GPU: Failed to initialize PMU

2024/12/09 (12:51:15) | ===> btop++ v.1.4.0
2024/12/09 (12:51:15) | WARNING: Intel GPU: Failed to initialize PMU

2024/12/09 (12:58:51) | ===> btop++ v.1.4.0
2024/12/09 (12:58:51) | WARNING: Intel GPU: Failed to initialize PMU

2024/12/09 (13:01:39) | ===> btop++ v.1.4.0
2024/12/09 (13:01:39) | WARNING: Intel GPU: Failed to initialize PMU

2024/12/09 (13:18:51) | ===> btop++ v.1.4.0
2024/12/09 (13:18:51) | WARNING: Intel GPU: Failed to initialize PMU

2024/12/09 (18:18:22) | ===> btop++ v.1.4.0
2024/12/09 (18:18:22) | WARNING: Intel GPU: Failed to initialize PMU

2024/12/10 (17:33:28) | ===> btop++ v.1.4.0
2024/12/10 (17:33:28) | WARNING: Intel GPU: Failed to initialize PMU

2024/12/10 (17:33:32) | ===> btop++ v.1.4.0
2024/12/10 (17:33:32) | WARNING: Intel GPU: Failed to initialize PMU

2024/12/10 (17:33:36) | ===> btop++ v.1.4.0
2024/12/10 (17:33:36) | WARNING: Intel GPU: Failed to initialize PMU

2024/12/10 (17:33:39) | ===> btop++ v.1.4.0
2024/12/10 (17:33:39) | WARNING: Intel GPU: Failed to initialize PMU

2024/12/11 (13:35:56) | ===> btop++ v.1.4.0
2024/12/11 (13:35:56) | WARNING: Intel GPU: Failed to initialize PMU

2024/12/11 (19:21:39) | ===> btop++ v.1.4.0
2024/12/11 (19:21:39) | WARNING: Intel GPU: Failed to initialize PMU

2024/12/11 (23:03:40) | ===> btop++ v.1.4.0
2024/12/11 (23:03:40) | WARNING: Intel GPU: Failed to initialize PMU

2024/12/11 (23:40:37) | ===> btop++ v.1.4.0
2024/12/11 (23:40:37) | WARNING: Intel GPU: Failed to initialize PMU

2024/12/12 (15:22:08) | ===> btop++ v.1.4.0
2024/12/12 (15:22:08) | WARNING: Intel GPU: Failed to initialize PMU

2024/12/12 (16:58:56) | ===> btop++ v.1.4.0
2024/12/12 (16:58:56) | WARNING: Intel GPU: Failed to initialize PMU

2024/12/12 (18:55:35) | ===> btop++ v.1.4.0
2024/12/12 (18:55:35) | WARNING: Intel GPU: Failed to initialize PMU

2024/12/12 (18:55:38) | ===> btop++ v.1.4.0
2024/12/12 (18:55:38) | WARNING: Intel GPU: Failed to initialize PMU

2024/12/12 (19:02:28) | ===> btop++ v.1.4.0
2024/12/12 (19:02:28) | WARNING: Intel GPU: Failed to initialize PMU

2024/12/12 (22:04:06) | ===> btop++ v.1.4.0
2024/12/12 (22:04:06) | WARNING: Intel GPU: Failed to initialize PMU

2024/12/13 (16:39:34) | ===> btop++ v.1.4.0
2024/12/13 (16:39:34) | WARNING: Intel GPU: Failed to initialize PMU

2024/12/14 (13:35:35) | ===> btop++ v.1.4.0
2024/12/14 (13:35:35) | WARNING: Intel GPU: Failed to initialize PMU

2024/12/14 (20:27:26) | ===> btop++ v.1.4.0
2024/12/14 (20:27:26) | WARNING: Intel GPU: Failed to initialize PMU

2024/12/15 (12:11:21) | ===> btop++ v.1.4.0
2024/12/15 (12:11:21) | WARNING: Intel GPU: Failed to initialize PMU

2024/12/15 (12:19:06) | ===> btop++ v.1.4.0
2024/12/15 (12:19:06) | WARNING: Intel GPU: Failed to initialize PMU

2024/12/15 (15:10:10) | ===> btop++ v.1.4.0
2024/12/15 (15:10:10) | WARNING: Intel GPU: Failed to initialize PMU
2024/12/15 (15:10:18) | ERROR: Couldn't determine terminal size of "STDOUT_FILENO"!
2024/12/15 (15:10:18) | ERROR: Couldn't determine terminal size of "/dev/tty"!

2024/12/15 (19:43:55) | ===> btop++ v.1.4.0
2024/12/15 (19:43:55) | WARNING: Intel GPU: Failed to initialize PMU

2024/12/17 (00:58:52) | ===> btop++ v.1.4.0
2024/12/17 (00:58:52) | WARNING: Intel GPU: Failed to initialize PMU

2024/12/17 (01:04:55) | ===> btop++ v.1.4.0
2024/12/17 (01:04:55) | WARNING: Intel GPU: Failed to initialize PMU

2024/12/17 (20:03:50) | ===> btop++ v.1.4.0
2024/12/17 (20:03:50) | WARNING: Intel GPU: Failed to initialize PMU

2024/12/17 (21:24:06) | ===> btop++ v.1.4.0
2024/12/17 (21:24:06) | WARNING: Intel GPU: Failed to initialize PMU

2024/12/18 (14:59:01) | ===> btop++ v.1.4.0
2024/12/18 (14:59:01) | WARNING: Intel GPU: Failed to initialize PMU

2024/12/19 (12:32:27) | ===> btop++ v.1.4.0
2024/12/19 (12:32:27) | WARNING: Intel GPU: Failed to initialize PMU

2024/12/19 (12:33:43) | ===> btop++ v.1.4.0
2024/12/19 (12:33:43) | WARNING: Intel GPU: Failed to initialize PMU

2024/12/19 (12:35:35) | ===> btop++ v.1.4.0
2024/12/19 (12:35:35) | WARNING: Intel GPU: Failed to initialize PMU

2024/12/19 (12:48:13) | ===> btop++ v.1.4.0
2024/12/19 (12:48:13) | WARNING: Intel GPU: Failed to initialize PMU

2024/12/19 (12:53:17) | ===> btop++ v.1.4.0
2024/12/19 (12:53:17) | WARNING: Intel GPU: Failed to initialize PMU

2024/12/19 (12:56:22) | ===> btop++ v.1.4.0
2024/12/19 (12:56:22) | WARNING: Intel GPU: Failed to initialize PMU

2024/12/19 (13:08:42) | ===> btop++ v.1.4.0
2024/12/19 (13:08:42) | WARNING: Intel GPU: Failed to initialize PMU

2024/12/19 (14:35:47) | ===> btop++ v.1.4.0
2024/12/19 (14:35:47) | WARNING: Intel GPU: Failed to initialize PMU

2024/12/19 (19:06:27) | ===> btop++ v.1.4.0
2024/12/19 (19:06:27) | WARNING: Intel GPU: Failed to initialize PMU

2024/12/19 (19:45:56) | ===> btop++ v.1.4.0
2024/12/19 (19:45:56) | WARNING: Intel GPU: Failed to initialize PMU

2024/12/19 (22:19:43) | ===> btop++ v.1.4.0
2024/12/19 (22:19:43) | WARNING: Intel GPU: Failed to initialize PMU

2024/12/20 (13:04:58) | ===> btop++ v.1.4.0
2024/12/20 (13:04:58) | WARNING: Intel GPU: Failed to initialize PMU

2024/12/20 (13:06:25) | ===> btop++ v.1.4.0
2024/12/20 (13:06:25) | WARNING: Intel GPU: Failed to initialize PMU

2024/12/20 (13:06:51) | ===> btop++ v.1.4.0
2024/12/20 (13:06:51) | WARNING: Intel GPU: Failed to initialize PMU

2024/12/20 (13:11:52) | ===> btop++ v.1.4.0
2024/12/20 (13:11:52) | WARNING: Intel GPU: Failed to initialize PMU

2024/12/20 (13:12:30) | ===> btop++ v.1.4.0
2024/12/20 (13:12:30) | WARNING: Intel GPU: Failed to initialize PMU

2024/12/20 (13:17:26) | ===> btop++ v.1.4.0
2024/12/20 (13:17:26) | WARNING: Intel GPU: Failed to initialize PMU

2024/12/20 (15:36:49) | ===> btop++ v.1.4.0
2024/12/20 (15:36:49) | WARNING: Intel GPU: Failed to initialize PMU

2024/12/20 (18:07:32) | ===> btop++ v.1.4.0
2024/12/20 (18:07:32) | WARNING: Intel GPU: Failed to initialize PMU

2024/12/20 (23:44:18) | ===> btop++ v.1.4.0
2024/12/20 (23:44:18) | WARNING: Intel GPU: Failed to initialize PMU

2024/12/21 (12:14:43) | ===> btop++ v.1.4.0
2024/12/21 (12:14:43) | WARNING: Intel GPU: Failed to initialize PMU

2024/12/22 (18:47:53) | ===> btop++ v.1.4.0
2024/12/22 (18:47:53) | WARNING: Intel GPU: Failed to initialize PMU

2024/12/22 (23:53:32) | ===> btop++ v.1.4.0
2024/12/22 (23:53:32) | WARNING: Intel GPU: Failed to initialize PMU

2024/12/23 (09:59:25) | ===> btop++ v.1.4.0
2024/12/23 (09:59:25) | WARNING: Intel GPU: Failed to initialize PMU

2024/12/23 (14:21:23) | ===> btop++ v.1.4.0
2024/12/23 (14:21:23) | WARNING: Intel GPU: Failed to initialize PMU

2024/12/23 (14:59:33) | ===> btop++ v.1.4.0
2024/12/23 (14:59:33) | WARNING: Intel GPU: Failed to initialize PMU

2024/12/23 (20:47:34) | ===> btop++ v.1.4.0
2024/12/23 (20:47:34) | WARNING: Intel GPU: Failed to initialize PMU

2024/12/24 (19:36:06) | ===> btop++ v.1.4.0
2024/12/24 (19:36:06) | WARNING: Intel GPU: Failed to initialize PMU

2024/12/26 (02:04:38) | ===> btop++ v.1.4.0
2024/12/26 (02:04:38) | WARNING: Intel GPU: Failed to initialize PMU

2024/12/26 (11:49:41) | ===> btop++ v.1.4.0
2024/12/26 (11:49:41) | WARNING: Intel GPU: Failed to initialize PMU

2024/12/26 (13:13:14) | ===> btop++ v.1.4.0
2024/12/26 (13:13:14) | WARNING: Intel GPU: Failed to initialize PMU

2024/12/26 (13:48:49) | ===> btop++ v.1.4.0
2024/12/26 (13:48:49) | WARNING: Intel GPU: Failed to initialize PMU

2024/12/26 (13:49:16) | ===> btop++ v.1.4.0
2024/12/26 (13:49:16) | WARNING: Intel GPU: Failed to initialize PMU

2024/12/29 (21:41:05) | ===> btop++ v.1.4.0
2024/12/29 (21:41:05) | WARNING: Intel GPU: Failed to initialize PMU

2024/12/30 (00:30:41) | ===> btop++ v.1.4.0
2024/12/30 (00:30:41) | WARNING: Intel GPU: Failed to initialize PMU

2024/12/30 (23:04:47) | ===> btop++ v.1.4.0
2024/12/30 (23:04:47) | WARNING: Intel GPU: Failed to initialize PMU

2024/12/31 (02:59:01) | ===> btop++ v.1.4.0
2024/12/31 (02:59:01) | WARNING: Intel GPU: Failed to initialize PMU

2024/12/31 (03:08:55) | ===> btop++ v.1.4.0
2024/12/31 (03:08:55) | WARNING: Intel GPU: Failed to initialize PMU

2024/12/31 (20:09:46) | ===> btop++ v.1.4.0
2024/12/31 (20:09:46) | WARNING: Intel GPU: Failed to initialize PMU

2024/12/31 (20:11:00) | ===> btop++ v.1.4.0
2024/12/31 (20:11:00) | WARNING: Intel GPU: Failed to initialize PMU
2024/12/31 (22:10:12) | ERROR: Couldn't determine terminal size of "STDOUT_FILENO"!

2024/12/31 (22:10:15) | ===> btop++ v.1.4.0
2024/12/31 (22:10:15) | WARNING: Intel GPU: Failed to initialize PMU

2025/01/01 (01:18:30) | ===> btop++ v.1.4.0
2025/01/01 (01:18:30) | WARNING: Intel GPU: Failed to initialize PMU

2025/01/01 (17:31:04) | ===> btop++ v.1.4.0
2025/01/01 (17:31:04) | WARNING: Intel GPU: Failed to initialize PMU

2025/01/01 (17:34:09) | ===> btop++ v.1.4.0
2025/01/01 (17:34:09) | WARNING: Intel GPU: Failed to initialize PMU
2025/01/01 (17:41:36) | ERROR: Couldn't determine terminal size of "STDOUT_FILENO"!
2025/01/01 (17:41:36) | ERROR: Couldn't determine terminal size of "/dev/tty"!

2025/01/01 (17:45:45) | ===> btop++ v.1.4.0
2025/01/01 (17:45:45) | WARNING: Intel GPU: Failed to initialize PMU

2025/01/01 (18:34:11) | ===> btop++ v.1.4.0
2025/01/01 (18:34:11) | WARNING: Intel GPU: Failed to initialize PMU

2025/01/01 (22:06:14) | ===> btop++ v.1.4.0
2025/01/01 (22:06:14) | WARNING: Intel GPU: Failed to initialize PMU

2025/01/02 (00:02:33) | ===> btop++ v.1.4.0
2025/01/02 (00:02:33) | WARNING: Intel GPU: Failed to initialize PMU

2025/01/02 (03:17:39) | ===> btop++ v.1.4.0
2025/01/02 (03:17:39) | WARNING: Intel GPU: Failed to initialize PMU

2025/01/02 (03:18:32) | ===> btop++ v.1.4.0
2025/01/02 (03:18:32) | WARNING: Intel GPU: Failed to initialize PMU

2025/01/02 (07:24:32) | ===> btop++ v.1.4.0
2025/01/02 (07:24:32) | WARNING: Intel GPU: Failed to initialize PMU

2025/01/03 (20:28:57) | ===> btop++ v.1.4.0
2025/01/03 (20:28:57) | WARNING: Intel GPU: Failed to initialize PMU

2025/01/04 (01:01:31) | ===> btop++ v.1.4.0
2025/01/04 (01:01:31) | WARNING: Intel GPU: Failed to initialize PMU

2025/01/04 (12:28:20) | ===> btop++ v.1.4.0
2025/01/04 (12:28:20) | WARNING: Intel GPU: Failed to initialize PMU

2025/01/04 (14:08:33) | ===> btop++ v.1.4.0
2025/01/04 (14:08:33) | WARNING: Intel GPU: Failed to initialize PMU

2025/01/04 (15:15:43) | ===> btop++ v.1.4.0
2025/01/04 (15:15:43) | WARNING: Intel GPU: Failed to initialize PMU
2025/01/04 (16:55:20) | ERROR: Couldn't determine terminal size of "STDOUT_FILENO"!
2025/01/04 (16:55:20) | ERROR: Couldn't determine terminal size of "/dev/tty"!

2025/01/04 (19:42:08) | ===> btop++ v.1.4.0
2025/01/04 (19:42:08) | WARNING: Intel GPU: Failed to initialize PMU

2025/01/04 (19:55:04) | ===> btop++ v.1.4.0
2025/01/04 (19:55:04) | WARNING: Intel GPU: Failed to initialize PMU

2025/01/04 (23:52:07) | ===> btop++ v.1.4.0
2025/01/04 (23:52:07) | WARNING: Intel GPU: Failed to initialize PMU

2025/01/05 (15:05:18) | ===> btop++ v.1.4.0
2025/01/05 (15:05:18) | WARNING: Intel GPU: Failed to initialize PMU

2025/01/05 (16:52:52) | ===> btop++ v.1.4.0
2025/01/05 (16:52:52) | WARNING: Intel GPU: Failed to initialize PMU

2025/01/05 (18:13:32) | ===> btop++ v.1.4.0
2025/01/05 (18:13:32) | WARNING: Intel GPU: Failed to initialize PMU

2025/01/05 (18:21:43) | ===> btop++ v.1.4.0
2025/01/05 (18:21:43) | WARNING: Intel GPU: Failed to initialize PMU

2025/01/05 (18:27:05) | ===> btop++ v.1.4.0
2025/01/05 (18:27:05) | WARNING: Intel GPU: Failed to initialize PMU

2025/01/05 (18:27:42) | ===> btop++ v.1.4.0
2025/01/05 (18:27:42) | WARNING: Intel GPU: Failed to initialize PMU

2025/01/05 (18:28:45) | ===> btop++ v.1.4.0
2025/01/05 (18:28:45) | WARNING: Intel GPU: Failed to initialize PMU

2025/01/06 (01:00:00) | ===> btop++ v.1.4.0
2025/01/06 (01:00:00) | WARNING: Intel GPU: Failed to initialize PMU

2025/01/06 (01:00:26) | ===> btop++ v.1.4.0
2025/01/06 (01:00:26) | WARNING: Intel GPU: Failed to initialize PMU

2025/01/06 (11:53:28) | ===> btop++ v.1.4.0
2025/01/06 (11:53:28) | WARNING: Intel GPU: Failed to initialize PMU

2025/01/07 (09:21:24) | ===> btop++ v.1.4.0
2025/01/07 (09:21:24) | WARNING: Intel GPU: Failed to initialize PMU

2025/01/09 (21:26:13) | ===> btop++ v.1.4.0
2025/01/09 (21:26:13) | WARNING: Intel GPU: Failed to initialize PMU

2025/01/10 (07:27:52) | ===> btop++ v.1.4.0
2025/01/10 (07:27:52) | WARNING: Intel GPU: Failed to initialize PMU

2025/01/10 (07:42:51) | ===> btop++ v.1.4.0
2025/01/10 (07:42:51) | WARNING: Intel GPU: Failed to initialize PMU

2025/01/10 (12:13:16) | ===> btop++ v.1.4.0
2025/01/10 (12:13:16) | WARNING: Intel GPU: Failed to initialize PMU

2025/01/10 (12:13:53) | ===> btop++ v.1.4.0
2025/01/10 (12:13:53) | WARNING: Intel GPU: Failed to initialize PMU

2025/01/10 (12:14:30) | ===> btop++ v.1.4.0
2025/01/10 (12:14:30) | WARNING: Intel GPU: Failed to initialize PMU

2025/01/10 (12:59:19) | ===> btop++ v.1.4.0
2025/01/10 (12:59:19) | WARNING: Intel GPU: Failed to initialize PMU

2025/01/10 (14:29:01) | ===> btop++ v.1.4.0
2025/01/10 (14:29:01) | WARNING: Intel GPU: Failed to initialize PMU

2025/01/10 (14:38:22) | ===> btop++ v.1.4.0
2025/01/10 (14:38:22) | WARNING: Intel GPU: Failed to initialize PMU

2025/01/10 (18:46:17) | ===> btop++ v.1.4.0
2025/01/10 (18:46:17) | WARNING: Intel GPU: Failed to initialize PMU

2025/01/11 (19:17:36) | ===> btop++ v.1.4.0
2025/01/11 (19:17:36) | WARNING: Intel GPU: Failed to initialize PMU

2025/01/15 (07:55:21) | ===> btop++ v.1.4.0
2025/01/15 (07:55:21) | WARNING: Intel GPU: Failed to initialize PMU

2025/01/15 (07:56:50) | ===> btop++ v.1.4.0
2025/01/15 (07:56:50) | WARNING: Intel GPU: Failed to initialize PMU

2025/01/15 (08:29:14) | ===> btop++ v.1.4.0
2025/01/15 (08:29:14) | WARNING: Intel GPU: Failed to initialize PMU

2025/01/15 (08:29:34) | ===> btop++ v.1.4.0
2025/01/15 (08:29:34) | WARNING: Intel GPU: Failed to initialize PMU

2025/01/15 (17:50:23) | ===> btop++ v.1.4.0
2025/01/15 (17:50:23) | WARNING: Intel GPU: Failed to initialize PMU

2025/01/15 (17:50:41) | ===> btop++ v.1.4.0
2025/01/15 (17:50:41) | WARNING: Intel GPU: Failed to initialize PMU

2025/01/15 (18:50:00) | ===> btop++ v.1.4.0
2025/01/15 (18:50:00) | WARNING: Intel GPU: Failed to initialize PMU

2025/01/15 (18:56:48) | ===> btop++ v.1.4.0
2025/01/15 (18:56:48) | WARNING: Intel GPU: Failed to initialize PMU

2025/01/19 (23:26:41) | ===> btop++ v.1.4.0
2025/01/19 (23:26:41) | WARNING: Intel GPU: Failed to initialize PMU

2025/01/20 (10:09:04) | ===> btop++ v.1.4.0
2025/01/20 (10:09:04) | WARNING: Intel GPU: Failed to initialize PMU

2025/01/20 (10:20:24) | ===> btop++ v.1.4.0
2025/01/20 (10:20:24) | WARNING: Intel GPU: Failed to initialize PMU

2025/01/20 (13:01:21) | ===> btop++ v.1.4.0
2025/01/20 (13:01:21) | WARNING: Intel GPU: Failed to initialize PMU

2025/01/25 (13:28:59) | ===> btop++ v.1.4.0
2025/01/25 (13:28:59) | WARNING: Intel GPU: Failed to initialize PMU

2025/01/25 (13:30:29) | ===> btop++ v.1.4.0
2025/01/25 (13:30:29) | WARNING: Intel GPU: Failed to initialize PMU

2025/01/25 (13:30:49) | ===> btop++ v.1.4.0
2025/01/25 (13:30:49) | WARNING: Intel GPU: Failed to initialize PMU

2025/01/25 (21:23:30) | ===> btop++ v.1.4.0
2025/01/25 (21:23:30) | WARNING: Intel GPU: Failed to initialize PMU

2025/01/26 (20:02:52) | ===> btop++ v.1.4.0
2025/01/26 (20:02:52) | WARNING: Intel GPU: Failed to initialize PMU

2025/01/26 (20:52:17) | ===> btop++ v.1.4.0
2025/01/26 (20:52:17) | WARNING: Intel GPU: Failed to initialize PMU

2025/01/26 (21:10:15) | ===> btop++ v.1.4.0
2025/01/26 (21:10:15) | WARNING: Intel GPU: Failed to initialize PMU

2025/01/27 (01:21:37) | ===> btop++ v.1.4.0
2025/01/27 (01:21:37) | WARNING: Intel GPU: Failed to initialize PMU

2025/01/27 (01:30:17) | ===> btop++ v.1.4.0
2025/01/27 (01:30:17) | WARNING: Intel GPU: Failed to initialize PMU

2025/01/27 (03:16:53) | ===> btop++ v.1.4.0
2025/01/27 (03:16:53) | WARNING: Intel GPU: Failed to initialize PMU

2025/01/27 (15:24:47) | ===> btop++ v.1.4.0
2025/01/27 (15:24:47) | WARNING: Intel GPU: Failed to initialize PMU

2025/01/27 (15:41:37) | ===> btop++ v.1.4.0
2025/01/27 (15:41:37) | WARNING: Intel GPU: Failed to initialize PMU

2025/01/27 (15:49:14) | ===> btop++ v.1.4.0
2025/01/27 (15:49:14) | WARNING: Intel GPU: Failed to initialize PMU

2025/01/27 (17:07:47) | ===> btop++ v.1.4.0
2025/01/27 (17:07:47) | WARNING: Intel GPU: Failed to initialize PMU

2025/01/27 (17:08:16) | ===> btop++ v.1.4.0
2025/01/27 (17:08:16) | WARNING: Intel GPU: Failed to initialize PMU

2025/01/27 (22:51:57) | ===> btop++ v.1.4.0
2025/01/27 (22:51:57) | WARNING: Intel GPU: Failed to initialize PMU

2025/01/27 (22:55:28) | ===> btop++ v.1.4.0
2025/01/27 (22:55:28) | WARNING: Intel GPU: Failed to initialize PMU

2025/01/28 (00:38:39) | ===> btop++ v.1.4.0
2025/01/28 (00:38:39) | WARNING: Intel GPU: Failed to initialize PMU

2025/01/28 (00:39:29) | ===> btop++ v.1.4.0
2025/01/28 (00:39:29) | WARNING: Intel GPU: Failed to initialize PMU

2025/01/28 (15:53:12) | ===> btop++ v.1.4.0
2025/01/28 (15:53:12) | WARNING: Intel GPU: Failed to initialize PMU

2025/01/31 (13:26:13) | ===> btop++ v.1.4.0
2025/01/31 (13:26:13) | WARNING: Intel GPU: Failed to initialize PMU

2025/02/01 (02:06:46) | ===> btop++ v.1.4.0
2025/02/01 (02:06:46) | WARNING: Intel GPU: Failed to initialize PMU

2025/02/02 (14:17:59) | ===> btop++ v.1.4.0
2025/02/02 (14:17:59) | WARNING: Intel GPU: Failed to initialize PMU

2025/02/02 (21:42:12) | ===> btop++ v.1.4.0
2025/02/02 (21:42:12) | WARNING: Intel GPU: Failed to initialize PMU

2025/02/03 (17:34:59) | ===> btop++ v.1.4.0
2025/02/03 (17:34:59) | WARNING: Intel GPU: Failed to initialize PMU

2025/02/03 (20:48:21) | ===> btop++ v.1.4.0
2025/02/03 (20:48:21) | WARNING: Intel GPU: Failed to initialize PMU

2025/02/04 (01:18:35) | ===> btop++ v.1.4.0
2025/02/04 (01:18:35) | WARNING: Intel GPU: Failed to initialize PMU

2025/02/04 (01:40:35) | ===> btop++ v.1.4.0
2025/02/04 (01:40:35) | WARNING: Intel GPU: Failed to initialize PMU

2025/02/04 (01:41:24) | ===> btop++ v.1.4.0
2025/02/04 (01:41:24) | WARNING: Intel GPU: Failed to initialize PMU

2025/02/04 (01:42:24) | ===> btop++ v.1.4.0
2025/02/04 (01:42:24) | WARNING: Intel GPU: Failed to initialize PMU

2025/02/04 (01:50:02) | ===> btop++ v.1.4.0
2025/02/04 (01:50:02) | WARNING: Intel GPU: Failed to initialize PMU

2025/02/04 (11:41:31) | ===> btop++ v.1.4.0
2025/02/04 (11:41:31) | WARNING: Intel GPU: Failed to initialize PMU

2025/02/04 (11:42:09) | ===> btop++ v.1.4.0
2025/02/04 (11:42:09) | WARNING: Intel GPU: Failed to initialize PMU

2025/02/04 (12:10:34) | ===> btop++ v.1.4.0
2025/02/04 (12:10:34) | WARNING: Intel GPU: Failed to initialize PMU

2025/02/05 (00:08:11) | ===> btop++ v.1.4.0
2025/02/05 (00:08:11) | WARNING: Intel GPU: Failed to initialize PMU

2025/02/09 (11:46:58) | ===> btop++ v.1.4.0
2025/02/09 (11:46:58) | WARNING: Intel GPU: Failed to initialize PMU

2025/02/09 (12:02:57) | ===> btop++ v.1.4.0
2025/02/09 (12:02:57) | WARNING: Intel GPU: Failed to initialize PMU

2025/02/09 (16:32:25) | ===> btop++ v.1.4.0
2025/02/09 (16:32:25) | WARNING: Intel GPU: Failed to initialize PMU

2025/02/09 (16:36:17) | ===> btop++ v.1.4.0
2025/02/09 (16:36:17) | WARNING: Intel GPU: Failed to initialize PMU

2025/02/09 (16:42:55) | ===> btop++ v.1.4.0
2025/02/09 (16:42:55) | WARNING: Intel GPU: Failed to initialize PMU

2025/02/09 (20:19:08) | ===> btop++ v.1.4.0
2025/02/09 (20:19:08) | WARNING: Intel GPU: Failed to initialize PMU

2025/02/10 (20:23:34) | ===> btop++ v.1.4.0
2025/02/10 (20:23:34) | WARNING: Intel GPU: Failed to initialize PMU

2025/02/10 (21:23:01) | ===> btop++ v.1.4.0
2025/02/10 (21:23:01) | WARNING: Intel GPU: Failed to initialize PMU

2025/02/11 (23:22:54) | ===> btop++ v.1.4.0
2025/02/11 (23:22:54) | WARNING: Intel GPU: Failed to initialize PMU

2025/02/12 (12:48:28) | ===> btop++ v.1.4.0
2025/02/12 (12:48:28) | WARNING: Intel GPU: Failed to initialize PMU

2025/02/12 (13:52:23) | ===> btop++ v.1.4.0
2025/02/12 (13:52:23) | WARNING: Intel GPU: Failed to initialize PMU

2025/02/12 (16:09:47) | ===> btop++ v.1.4.0
2025/02/12 (16:09:47) | WARNING: Intel GPU: Failed to initialize PMU

2025/02/12 (22:17:28) | ===> btop++ v.1.4.0
2025/02/12 (22:17:28) | WARNING: Intel GPU: Failed to initialize PMU

2025/02/12 (23:01:41) | ===> btop++ v.1.4.0
2025/02/12 (23:01:41) | WARNING: Intel GPU: Failed to initialize PMU

2025/02/13 (17:48:24) | ===> btop++ v.1.4.0
2025/02/13 (17:48:24) | WARNING: Intel GPU: Failed to initialize PMU

2025/02/15 (12:30:50) | ===> btop++ v.1.4.0
2025/02/15 (12:30:50) | WARNING: Intel GPU: Failed to initialize PMU

2025/02/15 (16:00:14) | ===> btop++ v.1.4.0
2025/02/15 (16:00:14) | WARNING: Intel GPU: Failed to initialize PMU

2025/02/15 (16:01:13) | ===> btop++ v.1.4.0
2025/02/15 (16:01:13) | WARNING: Intel GPU: Failed to initialize PMU

2025/02/15 (16:34:09) | ===> btop++ v.1.4.0
2025/02/15 (16:34:09) | WARNING: Intel GPU: Failed to initialize PMU

2025/02/15 (16:52:20) | ===> btop++ v.1.4.0
2025/02/15 (16:52:20) | WARNING: Intel GPU: Failed to initialize PMU

2025/02/15 (16:59:15) | ===> btop++ v.1.4.0
2025/02/15 (16:59:15) | WARNING: Intel GPU: Failed to initialize PMU

2025/02/15 (17:00:07) | ===> btop++ v.1.4.0
2025/02/15 (17:00:07) | WARNING: Intel GPU: Failed to initialize PMU

2025/02/15 (17:37:39) | ===> btop++ v.1.4.0
2025/02/15 (17:37:39) | WARNING: Intel GPU: Failed to initialize PMU

2025/02/16 (10:40:24) | ===> btop++ v.1.4.0
2025/02/16 (10:40:24) | WARNING: Intel GPU: Failed to initialize PMU

2025/02/16 (10:50:48) | ===> btop++ v.1.4.0
2025/02/16 (10:50:48) | WARNING: Intel GPU: Failed to initialize PMU

2025/02/16 (14:12:17) | ===> btop++ v.1.4.0
2025/02/16 (14:12:17) | WARNING: Intel GPU: Failed to initialize PMU

2025/02/16 (14:12:25) | ===> btop++ v.1.4.0
2025/02/16 (14:12:25) | WARNING: Intel GPU: Failed to initialize PMU
2025/02/16 (14:12:29) | WARNING: Failed to join _runner thread on exit!

2025/02/16 (16:02:51) | ===> btop++ v.1.4.0
2025/02/16 (16:02:51) | WARNING: Intel GPU: Failed to initialize PMU

2025/02/16 (19:43:09) | ===> btop++ v.1.4.0
2025/02/16 (19:43:09) | WARNING: Intel GPU: Failed to initialize PMU

2025/02/17 (00:03:02) | ===> btop++ v.1.4.0
2025/02/17 (00:03:02) | WARNING: Intel GPU: Failed to initialize PMU

2025/02/17 (01:08:10) | ===> btop++ v.1.4.0
2025/02/17 (01:08:10) | WARNING: Intel GPU: Failed to initialize PMU

2025/02/17 (22:54:24) | ===> btop++ v.1.4.0
2025/02/17 (22:54:24) | WARNING: Intel GPU: Failed to initialize PMU

2025/02/18 (00:50:35) | ===> btop++ v.1.4.0
2025/02/18 (00:50:35) | WARNING: Intel GPU: Failed to initialize PMU

2025/02/18 (01:04:46) | ===> btop++ v.1.4.0
2025/02/18 (01:04:46) | WARNING: Intel GPU: Failed to initialize PMU

2025/02/18 (01:04:55) | ===> btop++ v.1.4.0
2025/02/18 (01:04:55) | WARNING: Intel GPU: Failed to initialize PMU

2025/02/18 (10:20:44) | ===> btop++ v.1.4.0
2025/02/18 (10:20:44) | WARNING: Intel GPU: Failed to initialize PMU

2025/02/18 (12:31:17) | ===> btop++ v.1.4.0
2025/02/18 (12:31:17) | WARNING: Intel GPU: Failed to initialize PMU

2025/02/18 (13:02:02) | ===> btop++ v.1.4.0
2025/02/18 (13:02:02) | WARNING: Intel GPU: Failed to initialize PMU

2025/02/18 (13:14:21) | ===> btop++ v.1.4.0
2025/02/18 (13:14:21) | WARNING: Intel GPU: Failed to initialize PMU

2025/02/18 (13:18:02) | ===> btop++ v.1.4.0
2025/02/18 (13:18:02) | WARNING: Intel GPU: Failed to initialize PMU

2025/02/18 (13:34:41) | ===> btop++ v.1.4.0
2025/02/18 (13:34:41) | WARNING: Intel GPU: Failed to initialize PMU

2025/02/18 (13:37:41) | ===> btop++ v.1.4.0
2025/02/18 (13:37:41) | WARNING: Intel GPU: Failed to initialize PMU

2025/02/18 (14:15:56) | ===> btop++ v.1.4.0
2025/02/18 (14:15:56) | WARNING: Intel GPU: Failed to initialize PMU
2025/02/18 (14:16:13) | WARNING: Failed to join _runner thread on exit!

2025/02/18 (14:31:39) | ===> btop++ v.1.4.0
2025/02/18 (14:31:39) | WARNING: Intel GPU: Failed to initialize PMU

2025/02/18 (15:29:26) | ===> btop++ v.1.4.0
2025/02/18 (15:29:26) | WARNING: Intel GPU: Failed to initialize PMU

2025/02/18 (18:11:03) | ===> btop++ v.1.4.0
2025/02/18 (18:11:03) | WARNING: Intel GPU: Failed to initialize PMU

2025/02/19 (01:08:00) | ===> btop++ v.1.4.0
2025/02/19 (01:08:00) | WARNING: Intel GPU: Failed to initialize PMU

2025/02/19 (01:51:45) | ===> btop++ v.1.4.0
2025/02/19 (01:51:45) | WARNING: Intel GPU: Failed to initialize PMU

2025/02/19 (01:56:02) | ===> btop++ v.1.4.0
2025/02/19 (01:56:02) | WARNING: Intel GPU: Failed to initialize PMU

2025/02/19 (13:24:17) | ===> btop++ v.1.4.0
2025/02/19 (13:24:17) | WARNING: Intel GPU: Failed to initialize PMU

2025/02/20 (18:11:29) | ===> btop++ v.1.4.0
2025/02/20 (18:11:29) | WARNING: Intel GPU: Failed to initialize PMU

2025/02/20 (18:21:11) | ===> btop++ v.1.4.0
2025/02/20 (18:21:11) | WARNING: Intel GPU: Failed to initialize PMU

2025/02/20 (18:24:18) | ===> btop++ v.1.4.0
2025/02/20 (18:24:18) | WARNING: Intel GPU: Failed to initialize PMU

2025/02/20 (18:59:34) | ===> btop++ v.1.4.0
2025/02/20 (18:59:34) | WARNING: Intel GPU: Failed to initialize PMU

2025/02/20 (19:22:57) | ===> btop++ v.1.4.0
2025/02/20 (19:22:57) | WARNING: Intel GPU: Failed to initialize PMU

2025/02/20 (21:21:32) | ===> btop++ v.1.4.0
2025/02/20 (21:21:32) | WARNING: Intel GPU: Failed to initialize PMU

2025/02/20 (21:23:38) | ===> btop++ v.1.4.0
2025/02/20 (21:23:38) | WARNING: Intel GPU: Failed to initialize PMU

2025/02/20 (21:25:14) | ===> btop++ v.1.4.0
2025/02/20 (21:25:14) | WARNING: Intel GPU: Failed to initialize PMU

2025/02/21 (16:00:07) | ===> btop++ v.1.4.0
2025/02/21 (16:00:07) | WARNING: Intel GPU: Failed to initialize PMU

2025/02/21 (16:01:03) | ===> btop++ v.1.4.0
2025/02/21 (16:01:03) | WARNING: Intel GPU: Failed to initialize PMU

2025/02/21 (16:25:48) | ===> btop++ v.1.4.0
2025/02/21 (16:25:48) | WARNING: Intel GPU: Failed to initialize PMU

2025/02/21 (18:13:30) | ===> btop++ v.1.4.0
2025/02/21 (18:13:30) | WARNING: Intel GPU: Failed to initialize PMU

2025/02/21 (18:19:27) | ===> btop++ v.1.4.0
2025/02/21 (18:19:27) | WARNING: Intel GPU: Failed to initialize PMU

2025/02/21 (19:23:12) | ===> btop++ v.1.4.0
2025/02/21 (19:23:12) | WARNING: Intel GPU: Failed to initialize PMU

2025/02/21 (19:36:51) | ===> btop++ v.1.4.0
2025/02/21 (19:36:51) | WARNING: Intel GPU: Failed to initialize PMU

2025/02/22 (15:55:11) | ===> btop++ v.1.4.0
2025/02/22 (15:55:11) | WARNING: Intel GPU: Failed to initialize PMU

2025/02/22 (19:27:40) | ===> btop++ v.1.4.0
2025/02/22 (19:27:40) | WARNING: Intel GPU: Failed to initialize PMU

2025/02/23 (12:08:45) | ===> btop++ v.1.4.0
2025/02/23 (12:08:45) | WARNING: Intel GPU: Failed to initialize PMU

2025/02/23 (22:21:38) | ===> btop++ v.1.4.0
2025/02/23 (22:21:38) | WARNING: Intel GPU: Failed to initialize PMU

2025/02/25 (15:40:06) | ===> btop++ v.1.4.0
2025/02/25 (15:40:06) | WARNING: Intel GPU: Failed to initialize PMU

2025/02/25 (18:00:59) | ===> btop++ v.1.4.0
2025/02/25 (18:00:59) | WARNING: Intel GPU: Failed to initialize PMU

2025/02/25 (22:23:33) | ===> btop++ v.1.4.0
2025/02/25 (22:23:33) | WARNING: Intel GPU: Failed to initialize PMU

2025/02/25 (22:24:24) | ===> btop++ v.1.4.0
2025/02/25 (22:24:24) | WARNING: Intel GPU: Failed to initialize PMU

2025/02/25 (22:24:34) | ===> btop++ v.1.4.0
2025/02/25 (22:24:34) | WARNING: Intel GPU: Failed to initialize PMU

2025/02/25 (22:48:04) | ===> btop++ v.1.4.0
2025/02/25 (22:48:04) | WARNING: Intel GPU: Failed to initialize PMU

2025/02/26 (00:17:58) | ===> btop++ v.1.4.0
2025/02/26 (00:17:58) | WARNING: Intel GPU: Failed to initialize PMU

2025/02/26 (00:27:18) | ===> btop++ v.1.4.0
2025/02/26 (00:27:18) | WARNING: Intel GPU: Failed to initialize PMU

2025/02/26 (11:22:59) | ===> btop++ v.1.4.0
2025/02/26 (11:22:59) | WARNING: Intel GPU: Failed to initialize PMU

2025/02/26 (11:58:37) | ===> btop++ v.1.4.0
2025/02/26 (11:58:37) | WARNING: Intel GPU: Failed to initialize PMU

2025/02/26 (14:46:16) | ===> btop++ v.1.4.0
2025/02/26 (14:46:16) | WARNING: Intel GPU: Failed to initialize PMU

2025/02/26 (14:49:21) | ===> btop++ v.1.4.0
2025/02/26 (14:49:21) | WARNING: Intel GPU: Failed to initialize PMU

2025/02/26 (14:51:09) | ===> btop++ v.1.4.0
2025/02/26 (14:51:09) | WARNING: Intel GPU: Failed to initialize PMU

2025/02/26 (18:56:12) | ===> btop++ v.1.4.0
2025/02/26 (18:56:12) | WARNING: Intel GPU: Failed to initialize PMU

2025/02/26 (22:16:39) | ===> btop++ v.1.4.0
2025/02/26 (22:16:39) | WARNING: Intel GPU: Failed to initialize PMU

2025/02/28 (14:51:06) | ===> btop++ v.1.4.0
2025/02/28 (14:51:06) | WARNING: Intel GPU: Failed to initialize PMU

2025/02/28 (14:51:54) | ===> btop++ v.1.4.0
2025/02/28 (14:51:54) | WARNING: Intel GPU: Failed to initialize PMU

2025/03/01 (10:39:04) | ===> btop++ v.1.4.0
2025/03/01 (10:39:04) | WARNING: Intel GPU: Failed to initialize PMU

2025/03/01 (10:55:02) | ===> btop++ v.1.4.0
2025/03/01 (10:55:02) | WARNING: Intel GPU: Failed to initialize PMU

2025/03/01 (11:05:00) | ===> btop++ v.1.4.0
2025/03/01 (11:05:00) | WARNING: Intel GPU: Failed to initialize PMU

2025/03/01 (15:33:02) | ===> btop++ v.1.4.0
2025/03/01 (15:33:02) | WARNING: Intel GPU: Failed to initialize PMU

2025/03/01 (20:31:24) | ===> btop++ v.1.4.0
2025/03/01 (20:31:24) | WARNING: Intel GPU: Failed to initialize PMU

2025/03/01 (20:35:05) | ===> btop++ v.1.4.0
2025/03/01 (20:35:05) | WARNING: Intel GPU: Failed to initialize PMU

2025/03/01 (20:47:46) | ===> btop++ v.1.4.0
2025/03/01 (20:47:46) | WARNING: Intel GPU: Failed to initialize PMU

2025/03/01 (21:05:29) | ===> btop++ v.1.4.0
2025/03/01 (21:05:29) | WARNING: Intel GPU: Failed to initialize PMU

2025/03/01 (21:07:45) | ===> btop++ v.1.4.0
2025/03/01 (21:07:45) | WARNING: Intel GPU: Failed to initialize PMU

2025/03/01 (21:10:49) | ===> btop++ v.1.4.0
2025/03/01 (21:10:49) | WARNING: Intel GPU: Failed to initialize PMU

2025/03/01 (21:17:45) | ===> btop++ v.1.4.0
2025/03/01 (21:17:45) | WARNING: Intel GPU: Failed to initialize PMU

2025/03/02 (13:13:39) | ===> btop++ v.1.4.0
2025/03/02 (13:13:39) | WARNING: Intel GPU: Failed to initialize PMU

2025/03/02 (18:03:08) | ===> btop++ v.1.4.0
2025/03/02 (18:03:08) | WARNING: Intel GPU: Failed to initialize PMU

2025/03/02 (20:12:11) | ===> btop++ v.1.4.0
2025/03/02 (20:12:11) | WARNING: Intel GPU: Failed to initialize PMU

2025/03/03 (01:17:20) | ===> btop++ v.1.4.0
2025/03/03 (01:17:20) | WARNING: Intel GPU: Failed to initialize PMU

2025/03/03 (01:19:31) | ===> btop++ v.1.4.0
2025/03/03 (01:19:31) | WARNING: Intel GPU: Failed to initialize PMU

2025/03/03 (13:01:44) | ===> btop++ v.1.4.0
2025/03/03 (13:01:44) | WARNING: Intel GPU: Failed to initialize PMU

2025/03/04 (12:14:57) | ===> btop++ v.1.4.0
2025/03/04 (12:14:57) | WARNING: Intel GPU: Failed to initialize PMU

2025/03/04 (13:44:38) | ===> btop++ v.1.4.0
2025/03/04 (13:44:38) | WARNING: Intel GPU: Failed to initialize PMU

2025/03/04 (13:47:04) | ===> btop++ v.1.4.0
2025/03/04 (13:47:04) | WARNING: Intel GPU: Failed to initialize PMU

2025/03/04 (13:47:20) | ===> btop++ v.1.4.0
2025/03/04 (13:47:20) | WARNING: Intel GPU: Failed to initialize PMU

2025/03/04 (13:50:08) | ===> btop++ v.1.4.0
2025/03/04 (13:50:08) | WARNING: Intel GPU: Failed to initialize PMU

2025/03/04 (13:53:50) | ===> btop++ v.1.4.0
2025/03/04 (13:53:50) | WARNING: Intel GPU: Failed to initialize PMU

2025/03/04 (14:07:36) | ===> btop++ v.1.4.0
2025/03/04 (14:07:36) | WARNING: Intel GPU: Failed to initialize PMU

2025/03/04 (14:08:27) | ===> btop++ v.1.4.0
2025/03/04 (14:08:27) | WARNING: Intel GPU: Failed to initialize PMU

2025/03/04 (15:22:58) | ===> btop++ v.1.4.0
2025/03/04 (15:22:58) | WARNING: Intel GPU: Failed to initialize PMU

2025/03/05 (11:02:03) | ===> btop++ v.1.4.0
2025/03/05 (11:02:03) | WARNING: Intel GPU: Failed to initialize PMU

2025/03/05 (15:19:06) | ===> btop++ v.1.4.0
2025/03/05 (15:19:06) | WARNING: Intel GPU: Failed to initialize PMU

2025/03/05 (17:54:10) | ===> btop++ v.1.4.0
2025/03/05 (17:54:10) | WARNING: Intel GPU: Failed to initialize PMU

2025/03/05 (20:45:17) | ===> btop++ v.1.4.0
2025/03/05 (20:45:17) | WARNING: Intel GPU: Failed to initialize PMU

2025/03/06 (01:33:25) | ===> btop++ v.1.4.0
2025/03/06 (01:33:25) | WARNING: Intel GPU: Failed to initialize PMU

2025/03/06 (03:29:54) | ===> btop++ v.1.4.0
2025/03/06 (03:29:54) | WARNING: Intel GPU: Failed to initialize PMU

2025/03/06 (03:36:57) | ===> btop++ v.1.4.0
2025/03/06 (03:36:57) | WARNING: Intel GPU: Failed to initialize PMU

2025/03/06 (13:47:23) | ===> btop++ v.1.4.0
2025/03/06 (13:47:23) | WARNING: Intel GPU: Failed to initialize PMU

2025/03/06 (14:54:04) | ===> btop++ v.1.4.0
2025/03/06 (14:54:04) | WARNING: Intel GPU: Failed to initialize PMU

2025/03/06 (15:04:14) | ===> btop++ v.1.4.0
2025/03/06 (15:04:14) | WARNING: Intel GPU: Failed to initialize PMU

2025/03/06 (18:02:43) | ===> btop++ v.1.4.0
2025/03/06 (18:02:43) | WARNING: Intel GPU: Failed to initialize PMU

2025/03/07 (13:01:30) | ===> btop++ v.1.4.0
2025/03/07 (13:01:30) | WARNING: Intel GPU: Failed to initialize PMU

2025/03/07 (17:47:11) | ===> btop++ v.1.4.0
2025/03/07 (17:47:11) | WARNING: Intel GPU: Failed to initialize PMU

2025/03/07 (17:51:08) | ===> btop++ v.1.4.0
2025/03/07 (17:51:08) | WARNING: Intel GPU: Failed to initialize PMU
